<?xml version="1.0" encoding="UTF-8"?>
<coverage generated="1627873287469" clover="3.2.0">
  <project timestamp="1627873287469" name="All files">
    <metrics statements="36" coveredstatements="36" conditionals="4" coveredconditionals="4" methods="10" coveredmethods="10" elements="50" coveredelements="50" complexity="0" loc="36" ncloc="36" packages="1" files="3" classes="3"/>
    <file name="Cart.js" path="/Users/jenny/Desktop/Bootcamp-Exercises:Labs/tdd-lab-2-jpeysakhova17/src/js/Cart.js">
      <metrics statements="14" coveredstatements="14" conditionals="0" coveredconditionals="0" methods="6" coveredmethods="6"/>
      <line num="3" count="1" type="stmt"/>
      <line num="8" count="9" type="stmt"/>
      <line num="11" count="17" type="stmt"/>
      <line num="14" count="2" type="stmt"/>
      <line num="17" count="4" type="stmt"/>
      <line num="18" count="4" type="stmt"/>
      <line num="19" count="7" type="stmt"/>
      <line num="21" count="4" type="stmt"/>
      <line num="37" count="4" type="stmt"/>
      <line num="38" count="4" type="stmt"/>
      <line num="39" count="7" type="stmt"/>
      <line num="41" count="4" type="stmt"/>
      <line num="45" count="2" type="stmt"/>
      <line num="52" count="1" type="stmt"/>
    </file>
    <file name="Product.js" path="/Users/jenny/Desktop/Bootcamp-Exercises:Labs/tdd-lab-2-jpeysakhova17/src/js/Product.js">
      <metrics statements="9" coveredstatements="9" conditionals="2" coveredconditionals="2" methods="2" coveredmethods="2"/>
      <line num="6" count="27" type="stmt"/>
      <line num="7" count="27" type="stmt"/>
      <line num="8" count="27" type="stmt"/>
      <line num="11" count="11" type="cond" truecount="2" falsecount="0"/>
      <line num="12" count="6" type="stmt"/>
      <line num="14" count="5" type="stmt"/>
      <line num="19" count="2" type="stmt"/>
      <line num="20" count="2" type="stmt"/>
      <line num="32" count="2" type="stmt"/>
    </file>
    <file name="money-functions.js" path="/Users/jenny/Desktop/Bootcamp-Exercises:Labs/tdd-lab-2-jpeysakhova17/src/js/money-functions.js">
      <metrics statements="13" coveredstatements="13" conditionals="2" coveredconditionals="2" methods="2" coveredmethods="2"/>
      <line num="4" count="8" type="cond" truecount="2" falsecount="0"/>
      <line num="5" count="2" type="stmt"/>
      <line num="7" count="6" type="stmt"/>
      <line num="13" count="4" type="stmt"/>
      <line num="14" count="4" type="stmt"/>
      <line num="15" count="4" type="stmt"/>
      <line num="16" count="4" type="stmt"/>
      <line num="17" count="4" type="stmt"/>
      <line num="18" count="4" type="stmt"/>
      <line num="19" count="4" type="stmt"/>
      <line num="20" count="4" type="stmt"/>
      <line num="21" count="4" type="stmt"/>
      <line num="30" count="1" type="stmt"/>
    </file>
  </project>
</coverage>
