TN:
SF:/Users/jenny/Desktop/Bootcamp-Exercises:Labs/tdd-lab-2-jpeysakhova17/src/js/Cart.js
FN:7,(anonymous_0)
FN:10,(anonymous_1)
FN:13,(anonymous_2)
FN:16,(anonymous_3)
FN:36,(anonymous_4)
FN:44,(anonymous_5)
FNF:6
FNH:6
FNDA:9,(anonymous_0)
FNDA:17,(anonymous_1)
FNDA:2,(anonymous_2)
FNDA:4,(anonymous_3)
FNDA:4,(anonymous_4)
FNDA:2,(anonymous_5)
DA:3,1
DA:8,9
DA:11,17
DA:14,2
DA:17,4
DA:18,4
DA:19,7
DA:21,4
DA:37,4
DA:38,4
DA:39,7
DA:41,4
DA:45,2
DA:52,1
LF:14
LH:14
BRF:0
BRH:0
end_of_record
TN:
SF:/Users/jenny/Desktop/Bootcamp-Exercises:Labs/tdd-lab-2-jpeysakhova17/src/js/Product.js
FN:5,(anonymous_0)
FN:10,(anonymous_1)
FNF:2
FNH:2
FNDA:27,(anonymous_0)
FNDA:11,(anonymous_1)
DA:6,27
DA:7,27
DA:8,27
DA:11,11
DA:12,6
DA:14,5
DA:19,2
DA:20,2
DA:32,2
LF:9
LH:9
BRDA:11,0,0,6
BRDA:11,0,1,5
BRF:2
BRH:2
end_of_record
TN:
SF:/Users/jenny/Desktop/Bootcamp-Exercises:Labs/tdd-lab-2-jpeysakhova17/src/js/money-functions.js
FN:3,formatCurrency
FN:11,getCoins
FNF:2
FNH:2
FNDA:8,formatCurrency
FNDA:4,getCoins
DA:4,8
DA:5,2
DA:7,6
DA:13,4
DA:14,4
DA:15,4
DA:16,4
DA:17,4
DA:18,4
DA:19,4
DA:20,4
DA:21,4
DA:30,1
LF:13
LH:13
BRDA:4,0,0,2
BRDA:4,0,1,6
BRF:2
BRH:2
end_of_record
